<?xml version="1.0" encoding="UTF-8"?>
<testng-results skipped="0" failed="0" total="1" passed="1">
  <reporter-output>
  </reporter-output>
  <suite name="Default suite" duration-ms="7081" started-at="2022-12-22T22:52:52Z" finished-at="2022-12-22T22:53:00Z">
    <groups>
    </groups>
    <test name="Default test" duration-ms="7081" started-at="2022-12-22T22:52:52Z" finished-at="2022-12-22T22:53:00Z">
      <class name="testng.WindowHandling">
        <test-method status="PASS" signature="init()[pri:0, instance:testng.WindowHandling@6fc6f14e]" name="init" is-config="true" duration-ms="6783" started-at="2022-12-22T16:52:53Z" finished-at="2022-12-22T16:52:59Z">
          <reporter-output>
          </reporter-output>
        </test-method> <!-- init -->
        <test-method status="PASS" signature="windowHandle()[pri:0, instance:testng.WindowHandling@6fc6f14e]" name="windowHandle" duration-ms="258" started-at="2022-12-22T16:52:59Z" finished-at="2022-12-22T16:53:00Z">
          <reporter-output>
          </reporter-output>
        </test-method> <!-- windowHandle -->
      </class> <!-- testng.WindowHandling -->
    </test> <!-- Default test -->
  </suite> <!-- Default suite -->
</testng-results>
